<?xml version="1.0" encoding="UTF-8"?>
<!-- Generated by org.testng.reporters.JUnitReportReporter -->
<testsuite hostname="DESKTOP-RR2CFCS" failures="0" tests="1" name="testanotaionForActitime.ActitimeLogin" time="3.675" errors="0" timestamp="2021-11-13T10:07:35 IST" skipped="0">
  <testcase classname="testanotaionForActitime.ActitimeLogin" name="Login" time="3.675"/>
  <system-out/>
</testsuite> <!-- testanotaionForActitime.ActitimeLogin -->
