<?xml version="1.0" encoding="UTF-8"?>
<!-- Generated by org.testng.reporters.JUnitReportReporter -->
<testsuite hostname="DESKTOP-RR2CFCS" failures="0" tests="1" name="Annotation.Annotions" time="0.012" errors="0" timestamp="2021-11-13T09:46:16 IST" skipped="0">
  <testcase classname="Annotation.Annotions" name="f" time="0.012"/>
  <system-out/>
</testsuite> <!-- Annotation.Annotions -->
