<?xml version="1.0" encoding="UTF-8"?>
<!-- Generated by org.testng.reporters.JUnitReportReporter -->
<testsuite hostname="DESKTOP-RR2CFCS" failures="0" tests="6" name="testnfanotations.Group" time="0.027" errors="0" timestamp="2021-11-10T09:20:00 IST" skipped="0">
  <testcase classname="testnfanotations.Group" name="ft1" time="0.014"/>
  <system-out>
    <![CDATA[FT1 test case]]>
  </system-out>
  <testcase classname="testnfanotations.Group" name="ft2" time="0.004"/>
  <system-out>
    <![CDATA[FT2 test case]]>
  </system-out>
  <testcase classname="testnfanotations.Group" name="ft4" time="0.002"/>
  <system-out>
    <![CDATA[FT4 test case]]>
  </system-out>
  <testcase classname="testnfanotations.Group" name="ft5" time="0.003"/>
  <system-out>
    <![CDATA[FT5 test case]]>
  </system-out>
  <testcase classname="testnfanotations.Group" name="ft6" time="0.002"/>
  <system-out>
    <![CDATA[FT6 test case]]>
  </system-out>
  <testcase classname="testnfanotations.Group" name="ft3" time="0.002"/>
  <system-out>
    <![CDATA[FT3 test case]]>
  </system-out>
</testsuite> <!-- testnfanotations.Group -->
