<?xml version="1.0" encoding="UTF-8"?>
<!-- Generated by org.testng.reporters.JUnitReportReporter -->
<testsuite hostname="DESKTOP-RR2CFCS" failures="0" tests="1" name="testng.Sumo" time="0.001" errors="0" timestamp="2021-11-08T09:20:49 IST" skipped="0">
  <testcase classname="testng.Sumo" name="b" time="0.001"/>
  <system-out>
    <![CDATA[Sumo Class]]>
  </system-out>
</testsuite> <!-- testng.Sumo -->
