<?xml version="1.0" encoding="UTF-8"?>
<!-- Generated by org.testng.reporters.JUnitReportReporter -->
<testsuite hostname="DESKTOP-RR2CFCS" failures="0" tests="5" name="tsetngAssignmentCalculator.ArithmeticOperations" time="22.034" errors="0" timestamp="2021-11-11T18:40:18 IST" skipped="0">
  <testcase classname="tsetngAssignmentCalculator.ArithmeticOperations" name="launchApp" time="5.714"/>
  <system-out/>
  <testcase classname="tsetngAssignmentCalculator.ArithmeticOperations" name="add" time="4.291"/>
  <system-out>
    <![CDATA[The result of addition is :  12 ]]>
  </system-out>
  <testcase classname="tsetngAssignmentCalculator.ArithmeticOperations" name="sub" time="3.719"/>
  <system-out>
    <![CDATA[The result of subtraction is :  2 ]]>
  </system-out>
  <testcase classname="tsetngAssignmentCalculator.ArithmeticOperations" name="multiplication" time="3.958"/>
  <system-out>
    <![CDATA[The result of multiplication is :  35 ]]>
  </system-out>
  <testcase classname="tsetngAssignmentCalculator.ArithmeticOperations" name="division" time="4.352"/>
  <system-out>
    <![CDATA[The result of division is :  1.4 ]]>
  </system-out>
</testsuite> <!-- tsetngAssignmentCalculator.ArithmeticOperations -->
