<?xml version="1.0" encoding="UTF-8"?>
<!-- Generated by org.testng.reporters.JUnitReportReporter -->
<testsuite hostname="DESKTOP-RR2CFCS" failures="0" tests="2" name="parallelExecutions.parallelexecutionformethods" time="0.011" errors="0" timestamp="2021-11-16T09:31:50 IST" skipped="0">
  <testcase classname="parallelExecutions.parallelexecutionformethods" name="b" time="0.001"/>
  <system-out>
    <![CDATA[vaibhav]]>
  </system-out>
  <testcase classname="parallelExecutions.parallelexecutionformethods" name="a" time="0.010"/>
  <system-out>
    <![CDATA[vaibhav]]>
  </system-out>
</testsuite> <!-- parallelExecutions.parallelexecutionformethods -->
