<?xml version="1.0" encoding="UTF-8"?>
<!-- Generated by org.testng.reporters.JUnitReportReporter -->
<testsuite hostname="DESKTOP-RR2CFCS" failures="0" tests="2" name="testnfanotations.Parameters" time="16.206" errors="0" timestamp="2021-11-10T09:50:10 IST" skipped="0">
  <testcase classname="testnfanotations.Parameters" name="lounchTheChromeBrowser" time="9.402"/>
  <system-out/>
  <testcase classname="testnfanotations.Parameters" name="lounchTheChromeBrowser" time="6.804"/>
  <system-out/>
</testsuite> <!-- testnfanotations.Parameters -->
