<?xml version="1.0" encoding="UTF-8"?>
<!-- Generated by org.testng.reporters.JUnitReportReporter -->
<testsuite hostname="DESKTOP-RR2CFCS" failures="0" tests="3" name="testnfanotations.DependonMethod" time="0.014" errors="0" timestamp="2021-11-09T10:02:05 IST" skipped="0">
  <testcase classname="testnfanotations.DependonMethod" name="login" time="0.010"/>
  <system-out>
    <![CDATA[login]]>
  </system-out>
  <testcase classname="testnfanotations.DependonMethod" name="Action" time="0.002"/>
  <system-out>
    <![CDATA[Action]]>
  </system-out>
  <testcase classname="testnfanotations.DependonMethod" name="logout" time="0.002"/>
  <system-out>
    <![CDATA[Logout]]>
  </system-out>
</testsuite> <!-- testnfanotations.DependonMethod -->
