<?xml version="1.0" encoding="UTF-8"?>
<!-- Generated by org.testng.reporters.JUnitReportReporter -->
<testsuite hostname="DESKTOP-RR2CFCS" failures="0" tests="1" name="testnfanotations.Description" time="0.013" errors="0" timestamp="2021-11-09T09:44:09 IST" skipped="0">
  <testcase classname="testnfanotations.Description" name="DescriptionFlag" time="0.013"/>
  <system-out>
    <![CDATA[Description Anotation]]>
  </system-out>
</testsuite> <!-- testnfanotations.Description -->
