<?xml version="1.0" encoding="UTF-8"?>
<!-- Generated by org.testng.reporters.JUnitReportReporter -->
<testsuite hostname="DESKTOP-RR2CFCS" failures="0" tests="20" name="testnfanotations.InocationCount" time="0.058" errors="0" timestamp="2021-11-09T09:55:56 IST" skipped="0">
  <testcase classname="testnfanotations.InocationCount" name="f" time="0.001"/>
  <system-out>
    <![CDATA[Vaibhav]]>
  </system-out>
  <testcase classname="testnfanotations.InocationCount" name="f" time="0.002"/>
  <system-out>
    <![CDATA[Vaibhav]]>
  </system-out>
  <testcase classname="testnfanotations.InocationCount" name="f" time="0.002"/>
  <system-out>
    <![CDATA[Vaibhav]]>
  </system-out>
  <testcase classname="testnfanotations.InocationCount" name="f" time="0.002"/>
  <system-out>
    <![CDATA[Vaibhav]]>
  </system-out>
  <testcase classname="testnfanotations.InocationCount" name="f" time="0.002"/>
  <system-out>
    <![CDATA[Vaibhav]]>
  </system-out>
  <testcase classname="testnfanotations.InocationCount" name="f" time="0.004"/>
  <system-out>
    <![CDATA[Vaibhav]]>
  </system-out>
  <testcase classname="testnfanotations.InocationCount" name="f" time="0.003"/>
  <system-out>
    <![CDATA[Vaibhav]]>
  </system-out>
  <testcase classname="testnfanotations.InocationCount" name="f" time="0.002"/>
  <system-out>
    <![CDATA[Vaibhav]]>
  </system-out>
  <testcase classname="testnfanotations.InocationCount" name="f" time="0.002"/>
  <system-out>
    <![CDATA[Vaibhav]]>
  </system-out>
  <testcase classname="testnfanotations.InocationCount" name="f" time="0.003"/>
  <system-out>
    <![CDATA[Vaibhav]]>
  </system-out>
  <testcase classname="testnfanotations.InocationCount" name="f" time="0.002"/>
  <system-out>
    <![CDATA[Vaibhav]]>
  </system-out>
  <testcase classname="testnfanotations.InocationCount" name="f" time="0.003"/>
  <system-out>
    <![CDATA[Vaibhav]]>
  </system-out>
  <testcase classname="testnfanotations.InocationCount" name="f" time="0.013"/>
  <system-out>
    <![CDATA[Vaibhav]]>
  </system-out>
  <testcase classname="testnfanotations.InocationCount" name="f" time="0.003"/>
  <system-out>
    <![CDATA[Vaibhav]]>
  </system-out>
  <testcase classname="testnfanotations.InocationCount" name="f" time="0.003"/>
  <system-out>
    <![CDATA[Vaibhav]]>
  </system-out>
  <testcase classname="testnfanotations.InocationCount" name="f" time="0.003"/>
  <system-out>
    <![CDATA[Vaibhav]]>
  </system-out>
  <testcase classname="testnfanotations.InocationCount" name="f" time="0.003"/>
  <system-out>
    <![CDATA[Vaibhav]]>
  </system-out>
  <testcase classname="testnfanotations.InocationCount" name="f" time="0.001"/>
  <system-out>
    <![CDATA[Vaibhav]]>
  </system-out>
  <testcase classname="testnfanotations.InocationCount" name="f" time="0.003"/>
  <system-out>
    <![CDATA[Vaibhav]]>
  </system-out>
  <testcase classname="testnfanotations.InocationCount" name="f" time="0.001"/>
  <system-out>
    <![CDATA[Vaibhav]]>
  </system-out>
</testsuite> <!-- testnfanotations.InocationCount -->
