<?xml version="1.0" encoding="UTF-8"?>
<!-- Generated by org.testng.reporters.JUnitReportReporter -->
<testsuite hostname="DESKTOP-RR2CFCS" failures="0" tests="1" name="testnfanotations.Enable" time="0.015" errors="0" timestamp="2021-11-09T09:44:45 IST" skipped="0">
  <testcase classname="testnfanotations.Enable" name="enable" time="0.015"/>
  <system-out>
    <![CDATA[Enable Anotation]]>
  </system-out>
</testsuite> <!-- testnfanotations.Enable -->
