<?xml version="1.0" encoding="UTF-8"?>
<!-- Generated by org.testng.reporters.JUnitReportReporter -->
<testsuite hostname="DESKTOP-RR2CFCS" failures="0" tests="1" name="parallelExecutions.parallelexecutionforclasses2" time="9.028" errors="0" timestamp="2021-11-16T09:22:14 IST" skipped="0">
  <testcase classname="parallelExecutions.parallelexecutionforclasses2" name="a" time="9.028"/>
  <system-out/>
</testsuite> <!-- parallelExecutions.parallelexecutionforclasses2 -->
