<?xml version="1.0" encoding="UTF-8"?>
<!-- Generated by org.testng.reporters.JUnitReportReporter -->
<testsuite hostname="DESKTOP-RR2CFCS" failures="0" tests="1" name="testng.Demo" time="0.012" errors="0" timestamp="2021-11-08T09:20:49 IST" skipped="0">
  <testcase classname="testng.Demo" name="c" time="0.012"/>
  <system-out>
    <![CDATA[Demo Class]]>
  </system-out>
</testsuite> <!-- testng.Demo -->
