<?xml version="1.0" encoding="UTF-8"?>
<!-- Generated by org.testng.reporters.JUnitReportReporter -->
<testsuite hostname="DESKTOP-RR2CFCS" failures="0" tests="5" name="testnfanotations.Priority" time="0.029" errors="0" timestamp="2021-11-09T09:54:04 IST" skipped="0">
  <testcase classname="testnfanotations.Priority" name="a" time="0.013"/>
  <system-out>
    <![CDATA[A method ]]>
  </system-out>
  <testcase classname="testnfanotations.Priority" name="f" time="0.004"/>
  <system-out>
    <![CDATA[F method]]>
  </system-out>
  <testcase classname="testnfanotations.Priority" name="g" time="0.003"/>
  <system-out>
    <![CDATA[G method]]>
  </system-out>
  <testcase classname="testnfanotations.Priority" name="c" time="0.003"/>
  <system-out>
    <![CDATA[c method]]>
  </system-out>
  <testcase classname="testnfanotations.Priority" name="b" time="0.006"/>
  <system-out>
    <![CDATA[B method]]>
  </system-out>
</testsuite> <!-- testnfanotations.Priority -->
